<?xml version="1.0" encoding="utf-8"?><testsuites name="pytest tests"><testsuite name="pytest" errors="0" failures="0" skipped="0" tests="19" time="5.625" timestamp="2026-04-03T15:07:49.787385+00:00" hostname="agent-env-91db6d92-9cd2-4fb7-9b85-74aa5fbed395"><testcase classname="backend.tests.test_partner_auth_v4.TestPartnerRegistrationWithPassword" name="test_register_with_password_sends_otp" time="0.202" /><testcase classname="backend.tests.test_partner_auth_v4.TestPartnerRegistrationWithPassword" name="test_register_with_optional_email" time="0.138" /><testcase classname="backend.tests.test_partner_auth_v4.TestPartnerRegistrationWithPassword" name="test_register_duplicate_phone_fails" time="0.117" /><testcase classname="backend.tests.test_partner_auth_v4.TestPartnerOTPVerification" name="test_verify_otp_creates_account_and_returns_token" time="0.446" /><testcase classname="backend.tests.test_partner_auth_v4.TestPartnerOTPVerification" name="test_verify_wrong_otp_fails" time="0.253" /><testcase classname="backend.tests.test_partner_auth_v4.TestPartnerLoginWithPassword" name="test_login_with_phone_password" time="0.353" /><testcase classname="backend.tests.test_partner_auth_v4.TestPartnerLoginWithPassword" name="test_login_wrong_password_fails" time="0.330" /><testcase classname="backend.tests.test_partner_auth_v4.TestPartnerLoginWithPassword" name="test_login_nonexistent_phone_fails" time="0.139" /><testcase classname="backend.tests.test_partner_auth_v4.TestPartnerLoginWithOTP" name="test_request_login_otp" time="0.105" /><testcase classname="backend.tests.test_partner_auth_v4.TestPartnerLoginWithOTP" name="test_request_login_otp_nonexistent_phone_fails" time="0.111" /><testcase classname="backend.tests.test_partner_auth_v4.TestPartnerLoginWithOTP" name="test_verify_login_otp" time="0.266" /><testcase classname="backend.tests.test_partner_auth_v4.TestPartnerLoginWithOTP" name="test_verify_login_wrong_otp_fails" time="0.275" /><testcase classname="backend.tests.test_partner_auth_v4.TestPartnerPasswordReset" name="test_request_reset_otp" time="0.139" /><testcase classname="backend.tests.test_partner_auth_v4.TestPartnerPasswordReset" name="test_request_reset_nonexistent_phone_fails" time="0.103" /><testcase classname="backend.tests.test_partner_auth_v4.TestPartnerPasswordReset" name="test_confirm_reset_password" time="0.782" /><testcase classname="backend.tests.test_partner_auth_v4.TestPartnerPasswordReset" name="test_confirm_reset_wrong_otp_fails" time="0.234" /><testcase classname="backend.tests.test_partner_auth_v4.TestPartnerDashboardAccess" name="test_dashboard_with_valid_token" time="0.506" /><testcase classname="backend.tests.test_partner_auth_v4.TestPartnerDashboardAccess" name="test_dashboard_without_token_fails" time="0.097" /><testcase classname="backend.tests.test_partner_auth_v4.TestFullPartnerFlow" name="test_full_registration_flow" time="0.970" /></testsuite></testsuites>