<?xml version="1.0" encoding="utf-8"?><testsuites name="pytest tests"><testsuite name="pytest" errors="0" failures="0" skipped="0" tests="14" time="3.449" timestamp="2026-04-03T15:43:44.883054+00:00" hostname="agent-env-91db6d92-9cd2-4fb7-9b85-74aa5fbed395"><testcase classname="backend.tests.test_admin_features_v5.TestAdminAuth" name="test_admin_login_success" time="0.833" /><testcase classname="backend.tests.test_admin_features_v5.TestAdminAuth" name="test_admin_login_invalid_credentials" time="0.362" /><testcase classname="backend.tests.test_admin_features_v5.TestAdminLeads" name="test_get_leads" time="0.141" /><testcase classname="backend.tests.test_admin_features_v5.TestAdminLeads" name="test_get_leads_with_status_filter" time="0.114" /><testcase classname="backend.tests.test_admin_features_v5.TestAdminPartners" name="test_get_partners" time="0.100" /><testcase classname="backend.tests.test_admin_features_v5.TestAdminPartners" name="test_get_partners_analytics" time="0.157" /><testcase classname="backend.tests.test_admin_features_v5.TestAdminPartners" name="test_get_single_partner_analytics" time="0.205" /><testcase classname="backend.tests.test_admin_features_v5.TestAdminVendors" name="test_get_vendors" time="0.161" /><testcase classname="backend.tests.test_admin_features_v5.TestAdminPackages" name="test_get_packages" time="0.159" /><testcase classname="backend.tests.test_admin_features_v5.TestAdminPackages" name="test_feature_reorder" time="0.219" /><testcase classname="backend.tests.test_admin_features_v5.TestAdminMaterials" name="test_get_materials" time="0.099" /><testcase classname="backend.tests.test_admin_features_v5.TestAdminMaterials" name="test_create_material" time="0.116" /><testcase classname="backend.tests.test_admin_features_v5.TestAdminMaterials" name="test_delete_material" time="0.362" /><testcase classname="backend.tests.test_admin_features_v5.TestAdminAnalytics" name="test_get_analytics" time="0.303" /></testsuite></testsuites>