<?xml version="1.0" encoding="utf-8"?><testsuites name="pytest tests"><testsuite name="pytest" errors="0" failures="0" skipped="0" tests="22" time="4.158" timestamp="2026-04-03T14:49:52.078766+00:00" hostname="agent-env-91db6d92-9cd2-4fb7-9b85-74aa5fbed395"><testcase classname="backend.tests.test_proptech_api.TestPublicEndpoints" name="test_api_root" time="0.511" /><testcase classname="backend.tests.test_proptech_api.TestPublicEndpoints" name="test_get_packages_returns_4_configs" time="0.112" /><testcase classname="backend.tests.test_proptech_api.TestCalculatorAPI" name="test_calculate_valid_request" time="0.122" /><testcase classname="backend.tests.test_proptech_api.TestCalculatorAPI" name="test_calculate_select_package" time="0.114" /><testcase classname="backend.tests.test_proptech_api.TestCalculatorAPI" name="test_calculate_signature_package" time="0.154" /><testcase classname="backend.tests.test_proptech_api.TestCalculatorAPI" name="test_calculate_customize_package" time="0.101" /><testcase classname="backend.tests.test_proptech_api.TestCalculatorAPI" name="test_calculate_rejects_invalid_project_type" time="0.141" /><testcase classname="backend.tests.test_proptech_api.TestCalculatorAPI" name="test_calculate_rejects_invalid_package_type" time="0.099" /><testcase classname="backend.tests.test_proptech_api.TestCalculatorAPI" name="test_calculate_rejects_basic_package" time="0.173" /><testcase classname="backend.tests.test_proptech_api.TestCalculatorAPI" name="test_calculate_rejects_luxury_package" time="0.095" /><testcase classname="backend.tests.test_proptech_api.TestQuickLeadAPI" name="test_quick_lead_success" time="0.099" /><testcase classname="backend.tests.test_proptech_api.TestQuickLeadAPI" name="test_quick_lead_minimal_data" time="0.160" /><testcase classname="backend.tests.test_proptech_api.TestPartnerRegistration" name="test_partner_register_sends_otp" time="0.111" /><testcase classname="backend.tests.test_proptech_api.TestPartnerRegistration" name="test_partner_verify_otp_creates_inactive_partner" time="0.434" /><testcase classname="backend.tests.test_proptech_api.TestPartnerRegistration" name="test_partner_verify_wrong_otp_fails" time="0.216" /><testcase classname="backend.tests.test_proptech_api.TestVendorRegistration" name="test_vendor_registration_full_data" time="0.102" /><testcase classname="backend.tests.test_proptech_api.TestVendorRegistration" name="test_vendor_registration_without_email" time="0.102" /><testcase classname="backend.tests.test_proptech_api.TestVendorRegistration" name="test_vendor_registration_without_company_name" time="0.098" /><testcase classname="backend.tests.test_proptech_api.TestVendorRegistration" name="test_vendor_registration_minimal" time="0.112" /><testcase classname="backend.tests.test_proptech_api.TestCollaborationLeads" name="test_collaboration_lead_creation" time="0.108" /><testcase classname="backend.tests.test_proptech_api.TestReferralTerms" name="test_get_referral_terms" time="0.094" /><testcase classname="backend.tests.test_proptech_api.TestAdminAuth" name="test_admin_login_with_test_credentials" time="0.770" /></testsuite></testsuites>