<?xml version="1.0" encoding="utf-8"?><testsuites name="pytest tests"><testsuite name="pytest" errors="0" failures="0" skipped="0" tests="14" time="3.356" timestamp="2026-04-03T15:57:23.594656+00:00" hostname="agent-env-91db6d92-9cd2-4fb7-9b85-74aa5fbed395"><testcase classname="backend.tests.test_iteration6_features.TestPartnerLeadSubmission" name="test_create_lead_with_referral_code_links_to_partner" time="1.099" /><testcase classname="backend.tests.test_iteration6_features.TestPartnerLeadSubmission" name="test_create_lead_without_referral_code" time="0.139" /><testcase classname="backend.tests.test_iteration6_features.TestPartnerLeadSubmission" name="test_create_lead_with_invalid_referral_code" time="0.104" /><testcase classname="backend.tests.test_iteration6_features.TestPartnerLeadSubmission" name="test_lead_from_partner_landing_with_referral_code" time="0.104" /><testcase classname="backend.tests.test_iteration6_features.TestVendorRegistration" name="test_vendor_registration_minimal_fields" time="0.095" /><testcase classname="backend.tests.test_iteration6_features.TestVendorRegistration" name="test_vendor_registration_with_all_fields" time="0.101" /><testcase classname="backend.tests.test_iteration6_features.TestVendorRegistration" name="test_vendor_registration_with_grouped_categories" time="0.166" /><testcase classname="backend.tests.test_iteration6_features.TestVendorRegistration" name="test_vendor_registration_with_other_category" time="0.145" /><testcase classname="backend.tests.test_iteration6_features.TestVendorRegistration" name="test_vendor_registration_with_document_data" time="0.158" /><testcase classname="backend.tests.test_iteration6_features.TestVendorRegistration" name="test_vendor_registration_without_optional_fields" time="0.100" /><testcase classname="backend.tests.test_iteration6_features.TestPartnerDashboard" name="test_partner_dashboard_stats" time="0.442" /><testcase classname="backend.tests.test_iteration6_features.TestPartnerDashboard" name="test_partner_leads_list" time="0.429" /><testcase classname="backend.tests.test_iteration6_features.TestAPIHealth" name="test_api_root" time="0.099" /><testcase classname="backend.tests.test_iteration6_features.TestAPIHealth" name="test_packages_endpoint" time="0.101" /></testsuite></testsuites>